Determining if the pthread_create exist failed with the following output:
Change Dir: /home/workspace/dicom-converter/build/CMakeFiles/CMakeTmp

Run Build Command:"/usr/bin/make" "cmTC_5104e/fast"
/usr/bin/make -f CMakeFiles/cmTC_5104e.dir/build.make CMakeFiles/cmTC_5104e.dir/build
make[1]: Entering directory '/home/workspace/dicom-converter/build/CMakeFiles/CMakeTmp'
Building C object CMakeFiles/cmTC_5104e.dir/CheckSymbolExists.c.o
/usr/bin/cc    -o CMakeFiles/cmTC_5104e.dir/CheckSymbolExists.c.o   -c /home/workspace/dicom-converter/build/CMakeFiles/CMakeTmp/CheckSymbolExists.c
Linking C executable cmTC_5104e
/usr/local/bin/cmake -E cmake_link_script CMakeFiles/cmTC_5104e.dir/link.txt --verbose=1
/usr/bin/cc      CMakeFiles/cmTC_5104e.dir/CheckSymbolExists.c.o  -o cmTC_5104e 
CMakeFiles/cmTC_5104e.dir/CheckSymbolExists.c.o: In function `main':
CheckSymbolExists.c:(.text+0x16): undefined reference to `pthread_create'
collect2: error: ld returned 1 exit status
CMakeFiles/cmTC_5104e.dir/build.make:86: recipe for target 'cmTC_5104e' failed
make[1]: *** [cmTC_5104e] Error 1
make[1]: Leaving directory '/home/workspace/dicom-converter/build/CMakeFiles/CMakeTmp'
Makefile:121: recipe for target 'cmTC_5104e/fast' failed
make: *** [cmTC_5104e/fast] Error 2

File /home/workspace/dicom-converter/build/CMakeFiles/CMakeTmp/CheckSymbolExists.c:
/* */
#include <pthread.h>

int main(int argc, char** argv)
{
  (void)argv;
#ifndef pthread_create
  return ((int*)(&pthread_create))[argc];
#else
  (void)argc;
  return 0;
#endif
}

Determining if the function pthread_create exists in the pthreads failed with the following output:
Change Dir: /home/workspace/dicom-converter/build/CMakeFiles/CMakeTmp

Run Build Command:"/usr/bin/make" "cmTC_4b4f1/fast"
/usr/bin/make -f CMakeFiles/cmTC_4b4f1.dir/build.make CMakeFiles/cmTC_4b4f1.dir/build
make[1]: Entering directory '/home/workspace/dicom-converter/build/CMakeFiles/CMakeTmp'
Building C object CMakeFiles/cmTC_4b4f1.dir/CheckFunctionExists.c.o
/usr/bin/cc   -DCHECK_FUNCTION_EXISTS=pthread_create   -o CMakeFiles/cmTC_4b4f1.dir/CheckFunctionExists.c.o   -c /usr/local/share/cmake-3.13/Modules/CheckFunctionExists.c
Linking C executable cmTC_4b4f1
/usr/local/bin/cmake -E cmake_link_script CMakeFiles/cmTC_4b4f1.dir/link.txt --verbose=1
/usr/bin/cc  -DCHECK_FUNCTION_EXISTS=pthread_create    CMakeFiles/cmTC_4b4f1.dir/CheckFunctionExists.c.o  -o cmTC_4b4f1 -lpthreads 
/usr/bin/ld: cannot find -lpthreads
collect2: error: ld returned 1 exit status
CMakeFiles/cmTC_4b4f1.dir/build.make:86: recipe for target 'cmTC_4b4f1' failed
make[1]: *** [cmTC_4b4f1] Error 1
make[1]: Leaving directory '/home/workspace/dicom-converter/build/CMakeFiles/CMakeTmp'
Makefile:121: recipe for target 'cmTC_4b4f1/fast' failed
make: *** [cmTC_4b4f1/fast] Error 2


